<?xml version="1.0" encoding="UTF-8"?>
<testsuite name="com.uservalidationprocess.TestUserValidator" tests="1" skipped="0" failures="0" errors="0" timestamp="2020-12-01T12:44:18" hostname="DESKTOP-S0RN8B8" time="0.002">
  <properties/>
  <testcase name="givenFirstName_WhenFirstNameStartsWithCapitalLetter_ShouldReturn_True" classname="com.uservalidationprocess.TestUserValidator" time="0.002"/>
  <system-out><![CDATA[]]></system-out>
  <system-err><![CDATA[]]></system-err>
</testsuite>
