<?xml version="1.0" encoding="UTF-8"?>
<testsuite name="com.uservalidationprocess.TestUserValidator" tests="22" skipped="0" failures="0" errors="0" timestamp="2020-11-29T10:26:45" hostname="DESKTOP-S0RN8B8" time="0.023">
  <properties/>
  <testcase name="givenFirstName_WhenFirstNameHaveMinimumThreeLetters_ShouldReturn_True" classname="com.uservalidationprocess.TestUserValidator" time="0.001"/>
  <testcase name="givenPassword_WhenPasswordHaveAtleastOneCapitalLetter_ShouldReturn_True" classname="com.uservalidationprocess.TestUserValidator" time="0.002"/>
  <testcase name="givenFirstName_WhenFirstNameNotStartsWithCapitalLetter_ShouldReturn_False" classname="com.uservalidationprocess.TestUserValidator" time="0.0"/>
  <testcase name="givenPhoneNumber_WhenPhoneNumberIsNotFollowedByCountryCode_ShouldReturn_False" classname="com.uservalidationprocess.TestUserValidator" time="0.0"/>
  <testcase name="givenPassword_WhenPasswordNotHaveAtleastOneNumericNumber_ShouldReturn_False" classname="com.uservalidationprocess.TestUserValidator" time="0.0"/>
  <testcase name="givenPassword_WhenPasswordNotHaveAtleastOneCapitalLetter_ShouldReturn_False" classname="com.uservalidationprocess.TestUserValidator" time="0.0"/>
  <testcase name="givenFirstName_WhenLastNameHaveMinimumThreeLetters_ShouldReturn_True" classname="com.uservalidationprocess.TestUserValidator" time="0.001"/>
  <testcase name="givenPassword_WhenPasswordNotHaveAtleastOneSpeacialCharacter_ShouldReturn_False" classname="com.uservalidationprocess.TestUserValidator" time="0.001"/>
  <testcase name="givenLastName_WhenFirstNameNotStartsWithCapitalLetter_ShouldReturn_False" classname="com.uservalidationprocess.TestUserValidator" time="0.0"/>
  <testcase name="givenEmail_WhenEmailNotContainMinimumTwoLetterAfterDot_ShouldReturn_False" classname="com.uservalidationprocess.TestUserValidator" time="0.001"/>
  <testcase name="givenFirstName_WhenFirstNameStartsWithCapitalLetter_ShouldReturn_True" classname="com.uservalidationprocess.TestUserValidator" time="0.0"/>
  <testcase name="givenPhoneNumber_WhenPhoneNumberIsFollowedByCountryCode_True" classname="com.uservalidationprocess.TestUserValidator" time="0.0"/>
  <testcase name="givenEmail_WhenEmailNotStartsWithSmallLetter_ShouldReturn_False" classname="com.uservalidationprocess.TestUserValidator" time="0.001"/>
  <testcase name="givenFirstName_WhenFirstNameNotHaveMinimumThreeLetters_ShouldReturn_False" classname="com.uservalidationprocess.TestUserValidator" time="0.0"/>
  <testcase name="givenFirstName_WhenLastNameStartsWithCapitalLetter_ShouldReturn_True" classname="com.uservalidationprocess.TestUserValidator" time="0.0"/>
  <testcase name="givenLastName_WhenFirstNameNotHaveMinimumThreeLetters_ShouldReturn_False" classname="com.uservalidationprocess.TestUserValidator" time="0.002"/>
  <testcase name="givenPassword_WhenPasswordHaveAtleastOneSpeacialCharacter_ShouldReturn_True" classname="com.uservalidationprocess.TestUserValidator" time="0.0"/>
  <testcase name="givenPassword_WhenPasswordIsNotMinimumEightDigit_ShouldReturn_False" classname="com.uservalidationprocess.TestUserValidator" time="0.0"/>
  <testcase name="givenPhoneNumber_WhenPhoneNumberIsNotTenDigit_ShouldReturn_False" classname="com.uservalidationprocess.TestUserValidator" time="0.001"/>
  <testcase name="givenPhoneNumber_WhenPhoneNumberIsTenDigit_ShouldReturn_True" classname="com.uservalidationprocess.TestUserValidator" time="0.0"/>
  <testcase name="givenPassword_WhenPasswordHaveAtleastOneNumericNumber_ShouldReturn_True" classname="com.uservalidationprocess.TestUserValidator" time="0.001"/>
  <testcase name="givenPassword_WhenPasswordIsMinimumEightDigit_ShouldReturn_True" classname="com.uservalidationprocess.TestUserValidator" time="0.0"/>
  <system-out><![CDATA[]]></system-out>
  <system-err><![CDATA[]]></system-err>
</testsuite>
